<?xml version="1.0" encoding="UTF-8"?>
<testsuite name="JSONReadingTest" tests="1" skipped="0" failures="0" errors="0" timestamp="2025-10-08T10:53:18.590Z" hostname="FILIPPDESKTOP" time="0.066">
  <properties/>
  <testcase name="Успешное чтение JSON файла средставми библиотеки Jackson" classname="JSONReadingTest" time="0.066"/>
  <system-out><![CDATA[]]></system-out>
  <system-err><![CDATA[]]></system-err>
</testsuite>
